#
# A fatal error has been detected by the Java Runtime Environment:
#
#  SIGSEGV (0xb) at pc=0x000000010d27afe3, pid=65950, tid=22275
#
# JRE version: Java(TM) SE Runtime Environment (7.0_40-b43) (build 1.7.0_40-b43)
# Java VM: Java HotSpot(TM) 64-Bit Server VM (24.0-b56 mixed mode bsd-amd64 compressed oops)
# Problematic frame:
# V  [libjvm.dylib+0x175fe3]  IndexSet::insert(unsigned int)+0x3f
#
# Failed to write core dump. Core dumps have been disabled. To enable core dumping, try "ulimit -c unlimited" before starting Java again
#
# If you would like to submit a bug report, please visit:
#   http://bugreport.sun.com/bugreport/crash.jsp
#

---------------  T H R E A D  ---------------

Current thread (0x00007fdb92849000):  JavaThread "C2 CompilerThread0" daemon [_thread_in_native, id=22275, stack(0x000000011c39c000,0x000000011c49c000)]

siginfo:si_signo=SIGSEGV: si_errno=0, si_code=0 (SEGV0), si_addr=0x0000000000000000

Registers:
RAX=0x004000010d9080f0, RBX=0x0000000000000006, RCX=0x00000000000000c0, RDX=0x0000000000000001
RSP=0x000000011c4985e0, RBP=0x000000011c4985f0, RSI=0x00000000000004c0, RDI=0x000000011d234170
R8 =0x0000000000000000, R9 =0x0000000000000000, R10=0x0000000000000000, R11=0x00000000000000ff
R12=0x00000000000004cf, R13=0x000000011c498ad8, R14=0x000000011d234170, R15=0x000000011d0fb460
RIP=0x000000010d27afe3, EFLAGS=0x0000000000010206, ERR=0x0000000000000000
  TRAPNO=0x000000000000000d

Top of Stack: (sp=0x000000011c4985e0)
0x000000011c4985e0:   00000000000004cf 000000011c4996c0
0x000000011c4985f0:   000000011c498660 000000010d39fd0f
0x000000011c498600:   000004c100003fff 0000000100000007
0x000000011c498610:   00007fdb928ec8c0 0000000000000005
0x000000011c498620:   000000011c498858 0000000100000007
0x000000011c498630:   000000011c498848 000000011d0dc010
0x000000011c498640:   000000011d0dc010 000000011d0dc5f8
0x000000011c498650:   0000000000000016 00000000000005b0
0x000000011c498660:   000000011c498910 000000010d3a0b13
0x000000011c498670:   00007fdb9294ce00 000000000000008b
0x000000011c498680:   00007fdb918f12b8 0000001296d3f159
0x000000011c498690:   00000000000004cf 000000131c4986b0
0x000000011c4986a0:   000000190000001a 00007fdb92898c70
0x000000011c4986b0:   000000010d86f010 9d000000fffffffe
0x000000011c4986c0:   000000011d0e4528 000000011d0e4530
0x000000011c4986d0:   000000011d0e4538 000000011d0e4540
0x000000011c4986e0:   00007fdb918f12a8 000000011d0dc0b8
0x000000011c4986f0:   0000000000000000 00000000c0000000
0x000000011c498700:   000000011d0dc0c0 0000000000000000
0x000000011c498710:   000000011d0dc0c8 0000000000000000
0x000000011c498720:   000000011d0dc0d0 0000000000000000
0x000000011c498730:   000000011c4996c0 0000000000000000
0x000000011c498740:   3f5fa3b0f8000000 000000000001f418
0x000000011c498750:   ffffffff3f3fffff ffffffffffffffff
0x000000011c498760:   00000003ffffffff 0000000000000000
0x000000011c498770:   0000000000000000 0000000500000000
0x000000011c498780:   00007fdb00000008 00007fdb928ec960
0x000000011c498790:   003d040000000007 000000011c498858
0x000000011c4987a0:   00007fdb00000007 000000011c498848
0x000000011c4987b0:   0303030300000000 0303030303030303
0x000000011c4987c0:   0000000003030303 0000000000000000
0x000000011c4987d0:   0000000000000000 0000000005155455 

Instructions: (pc=0x000000010d27afe3)
0x000000010d27afc3:   05 f8 01 5d 00 75 0a 4c 89 f7 89 de e8 54 90 12
0x000000010d27afd3:   00 88 d9 ba 01 00 00 00 d3 e2 c1 eb 05 83 e3 07
0x000000010d27afe3:   8b 0c 98 89 ce 09 d6 89 34 98 21 ca 75 03 41 ff
0x000000010d27aff3:   06 85 d2 0f 94 c0 0f b6 c0 eb 02 31 c0 5b 41 5e 

Register to memory mapping:

RAX=0x004000010d9080f0 is an unknown value
RBX=0x0000000000000006 is an unknown value
RCX=0x00000000000000c0 is an unknown value
RDX=0x0000000000000001 is an unknown value
RSP=0x000000011c4985e0 is pointing into the stack for thread: 0x00007fdb92849000
RBP=0x000000011c4985f0 is pointing into the stack for thread: 0x00007fdb92849000
RSI=0x00000000000004c0 is an unknown value
RDI=0x000000011d234170 is an unknown value
R8 =0x0000000000000000 is an unknown value
R9 =0x0000000000000000 is an unknown value
R10=0x0000000000000000 is an unknown value
R11=0x00000000000000ff is an unknown value
R12=0x00000000000004cf is an unknown value
R13=0x000000011c498ad8 is pointing into the stack for thread: 0x00007fdb92849000
R14=0x000000011d234170 is an unknown value
R15=0x000000011d0fb460 is an unknown value


Stack: [0x000000011c39c000,0x000000011c49c000],  sp=0x000000011c4985e0,  free space=1009k
Native frames: (J=compiled Java code, j=interpreted, Vv=VM code, C=native code)
V  [libjvm.dylib+0x175fe3]  IndexSet::insert(unsigned int)+0x3f
V  [libjvm.dylib+0x29ad0f]  PhaseChaitin::interfere_with_live(unsigned int, IndexSet*)+0x8b
V  [libjvm.dylib+0x29bb13]  PhaseChaitin::build_ifg_physical(ResourceArea*)+0xde5
V  [libjvm.dylib+0x175786]  PhaseChaitin::Register_Allocate()+0x2c8
V  [libjvm.dylib+0x1b906e]  Compile::Code_Gen()+0x1e6
V  [libjvm.dylib+0x1bc6c2]  Compile::Compile(ciEnv*, C2Compiler*, ciMethod*, int, bool, bool)+0x860
V  [libjvm.dylib+0x166037]  C2Compiler::compile_method(ciEnv*, ciMethod*, int)+0x9d
V  [libjvm.dylib+0x1bf834]  CompileBroker::invoke_compiler_on_method(CompileTask*)+0x3e0
V  [libjvm.dylib+0x1c1576]  CompileBroker::compiler_thread_loop()+0x12c
V  [libjvm.dylib+0x4ef257]  JavaThread::thread_main_inner()+0x9b
V  [libjvm.dylib+0x4f095f]  JavaThread::run()+0x1a3
V  [libjvm.dylib+0x41a8e1]  java_start(Thread*)+0xd5
C  [libsystem_c.dylib+0x14772]  _pthread_start+0x147
C  [libsystem_c.dylib+0x11a1]  thread_start+0xd


Current CompileTask:
C2:   1191   35 %           aurux.computeFP::computeFingerPrintFromWave @ 892 (1922 bytes)


---------------  P R O C E S S  ---------------

Java Threads: ( => current thread )
  0x00007fdb92851800 JavaThread "Service Thread" daemon [_thread_blocked, id=23299, stack(0x000000011c5a2000,0x000000011c6a2000)]
  0x00007fdb92850800 JavaThread "C2 CompilerThread1" daemon [_thread_in_native, id=22787, stack(0x000000011c49f000,0x000000011c59f000)]
=>0x00007fdb92849000 JavaThread "C2 CompilerThread0" daemon [_thread_in_native, id=22275, stack(0x000000011c39c000,0x000000011c49c000)]
  0x00007fdb92848000 JavaThread "Signal Dispatcher" daemon [_thread_blocked, id=21763, stack(0x000000011c299000,0x000000011c399000)]
  0x00007fdb92844000 JavaThread "Finalizer" daemon [_thread_blocked, id=16899, stack(0x000000011bf42000,0x000000011c042000)]
  0x00007fdb92841800 JavaThread "Reference Handler" daemon [_thread_blocked, id=16387, stack(0x000000011be3f000,0x000000011bf3f000)]
  0x00007fdb93000800 JavaThread "main" [_thread_in_Java, id=3847, stack(0x000000010db58000,0x000000010dc58000)]

Other Threads:
  0x00007fdb92841000 VMThread [stack: 0x000000011bd3c000,0x000000011be3c000] [id=15875]
  0x00007fdb92846800 WatcherThread [stack: 0x000000011c6a5000,0x000000011c7a5000] [id=23811]

VM state:not at safepoint (normal execution)

VM Mutex/Monitor currently owned by a thread: None

Heap
 PSYoungGen      total 274944K, used 254573K [0x00000007aaa80000, 0x00000007bc180000, 0x0000000800000000)
  eden space 264192K, 92% used [0x00000007aaa80000,0x00000007b989d9b8,0x00000007bac80000)
  from space 10752K, 99% used [0x00000007bb700000,0x00000007bc17daa8,0x00000007bc180000)
  to   space 10752K, 0% used [0x00000007bac80000,0x00000007bac80000,0x00000007bb700000)
 ParOldGen       total 174592K, used 86856K [0x0000000700000000, 0x000000070aa80000, 0x00000007aaa80000)
  object space 174592K, 49% used [0x0000000700000000,0x00000007054d2028,0x000000070aa80000)
 PSPermGen       total 21504K, used 2819K [0x00000006fae00000, 0x00000006fc300000, 0x0000000700000000)
  object space 21504K, 13% used [0x00000006fae00000,0x00000006fb0c0e78,0x00000006fc300000)

Card table byte_map: [0x0000000110ded000,0x0000000111617000] byte_map_base: 0x000000010d616000

Polling page: 0x000000010dc97000

Code Cache  [0x000000010dd2d000, 0x000000010df9d000, 0x0000000110d2d000)
 total_blobs=230 nmethods=44 adapters=141 free_code_cache=48658Kb largest_free_block=49802688

Compilation events (10 events):
Event: 1.034 Thread 0x00007fdb92850800   39             aurux.computeFP::locmax (105 bytes)
Event: 1.044 Thread 0x00007fdb92850800 nmethod 39 0x000000010dd97650 code [0x000000010dd977c0, 0x000000010dd97c18]
Event: 1.044 Thread 0x00007fdb92850800   40             java.lang.Integer::valueOf (54 bytes)
Event: 1.046 Thread 0x00007fdb92850800 nmethod 40 0x000000010dd97310 code [0x000000010dd97460, 0x000000010dd97558]
Event: 1.046 Thread 0x00007fdb92850800   41             java.lang.Double::valueOf (9 bytes)
Event: 1.047 Thread 0x00007fdb92850800 nmethod 41 0x000000010dda4510 code [0x000000010dda4660, 0x000000010dda46f8]
Event: 1.047 Thread 0x00007fdb92850800   42             java.lang.Double::<init> (10 bytes)
Event: 1.047 Thread 0x00007fdb92850800 nmethod 42 0x000000010dda4310 code [0x000000010dda4440, 0x000000010dda4498]
Event: 1.047 Thread 0x00007fdb92850800   43             java.util.TimSort::countRunAndMakeAscending (128 bytes)
Event: 1.058 Thread 0x00007fdb92850800 nmethod 43 0x000000010dda5550 code [0x000000010dda5720, 0x000000010dda5d78]

GC Heap History (8 events):
Event: 0.263 GC heap before
{Heap before GC invocations=1 (full 0):
 PSYoungGen      total 76800K, used 62505K [0x00000007aaa80000, 0x00000007b0000000, 0x0000000800000000)
  eden space 66048K, 94% used [0x00000007aaa80000,0x00000007ae78a708,0x00000007aeb00000)
  from space 10752K, 0% used [0x00000007af580000,0x00000007af580000,0x00000007b0000000)
  to   space 10752K, 0% used [0x00000007aeb00000,0x00000007aeb00000,0x00000007af580000)
 ParOldGen       total 174592K, used 34962K [0x0000000700000000, 0x000000070aa80000, 0x00000007aaa80000)
  object space 174592K, 20% used [0x0000000700000000,0x0000000702224aa0,0x000000070aa80000)
 PSPermGen       total 21504K, used 2700K [0x00000006fae00000, 0x00000006fc300000, 0x0000000700000000)
  object space 21504K, 12% used [0x00000006fae00000,0x00000006fb0a31d0,0x00000006fc300000)
Event: 0.272 GC heap after
Heap after GC invocations=1 (full 0):
 PSYoungGen      total 76800K, used 9188K [0x00000007aaa80000, 0x00000007b4080000, 0x0000000800000000)
  eden space 66048K, 0% used [0x00000007aaa80000,0x00000007aaa80000,0x00000007aeb00000)
  from space 10752K, 85% used [0x00000007aeb00000,0x00000007af3f92b8,0x00000007af580000)
  to   space 10752K, 0% used [0x00000007b3600000,0x00000007b3600000,0x00000007b4080000)
 ParOldGen       total 174592K, used 43703K [0x0000000700000000, 0x000000070aa80000, 0x00000007aaa80000)
  object space 174592K, 25% used [0x0000000700000000,0x0000000702aadd58,0x000000070aa80000)
 PSPermGen       total 21504K, used 2700K [0x00000006fae00000, 0x00000006fc300000, 0x0000000700000000)
  object space 21504K, 12% used [0x00000006fae00000,0x00000006fb0a31d0,0x00000006fc300000)
}
Event: 0.354 GC heap before
{Heap before GC invocations=2 (full 0):
 PSYoungGen      total 76800K, used 73689K [0x00000007aaa80000, 0x00000007b4080000, 0x0000000800000000)
  eden space 66048K, 97% used [0x00000007aaa80000,0x00000007ae97d518,0x00000007aeb00000)
  from space 10752K, 85% used [0x00000007aeb00000,0x00000007af3f92b8,0x00000007af580000)
  to   space 10752K, 0% used [0x00000007b3600000,0x00000007b3600000,0x00000007b4080000)
 ParOldGen       total 174592K, used 43703K [0x0000000700000000, 0x000000070aa80000, 0x00000007aaa80000)
  object space 174592K, 25% used [0x0000000700000000,0x0000000702aadd58,0x000000070aa80000)
 PSPermGen       total 21504K, used 2708K [0x00000006fae00000, 0x00000006fc300000, 0x0000000700000000)
  object space 21504K, 12% used [0x00000006fae00000,0x00000006fb0a50f0,0x00000006fc300000)
Event: 0.360 GC heap after
Heap after GC invocations=2 (full 0):
 PSYoungGen      total 142848K, used 9124K [0x00000007aaa80000, 0x00000007b4080000, 0x0000000800000000)
  eden space 132096K, 0% used [0x00000007aaa80000,0x00000007aaa80000,0x00000007b2b80000)
  from space 10752K, 84% used [0x00000007b3600000,0x00000007b3ee92f0,0x00000007b4080000)
  to   space 10752K, 0% used [0x00000007b2b80000,0x00000007b2b80000,0x00000007b3600000)
 ParOldGen       total 174592K, used 43711K [0x0000000700000000, 0x000000070aa80000, 0x00000007aaa80000)
  object space 174592K, 25% used [0x0000000700000000,0x0000000702aafd58,0x000000070aa80000)
 PSPermGen       total 21504K, used 2708K [0x00000006fae00000, 0x00000006fc300000, 0x0000000700000000)
  object space 21504K, 12% used [0x00000006fae00000,0x00000006fb0a50f0,0x00000006fc300000)
}
Event: 0.548 GC heap before
{Heap before GC invocations=3 (full 0):
 PSYoungGen      total 142848K, used 141220K [0x00000007aaa80000, 0x00000007b4080000, 0x0000000800000000)
  eden space 132096K, 100% used [0x00000007aaa80000,0x00000007b2b80000,0x00000007b2b80000)
  from space 10752K, 84% used [0x00000007b3600000,0x00000007b3ee92f0,0x00000007b4080000)
  to   space 10752K, 0% used [0x00000007b2b80000,0x00000007b2b80000,0x00000007b3600000)
 ParOldGen       total 174592K, used 43711K [0x0000000700000000, 0x000000070aa80000, 0x00000007aaa80000)
  object space 174592K, 25% used [0x0000000700000000,0x0000000702aafd58,0x000000070aa80000)
 PSPermGen       total 21504K, used 2733K [0x00000006fae00000, 0x00000006fc300000, 0x0000000700000000)
  object space 21504K, 12% used [0x00000006fae00000,0x00000006fb0ab620,0x00000006fc300000)
Event: 0.581 GC heap after
Heap after GC invocations=3 (full 0):
 PSYoungGen      total 142848K, used 10742K [0x00000007aaa80000, 0x00000007bc180000, 0x0000000800000000)
  eden space 132096K, 0% used [0x00000007aaa80000,0x00000007aaa80000,0x00000007b2b80000)
  from space 10752K, 99% used [0x00000007b2b80000,0x00000007b35fdaa8,0x00000007b3600000)
  to   space 10752K, 0% used [0x00000007bb700000,0x00000007bb700000,0x00000007bc180000)
 ParOldGen       total 174592K, used 75155K [0x0000000700000000, 0x000000070aa80000, 0x00000007aaa80000)
  object space 174592K, 43% used [0x0000000700000000,0x0000000704964ed8,0x000000070aa80000)
 PSPermGen       total 21504K, used 2733K [0x00000006fae00000, 0x00000006fc300000, 0x0000000700000000)
  object space 21504K, 12% used [0x00000006fae00000,0x00000006fb0ab620,0x00000006fc300000)
}
Event: 0.674 GC heap before
{Heap before GC invocations=4 (full 0):
 PSYoungGen      total 142848K, used 142838K [0x00000007aaa80000, 0x00000007bc180000, 0x0000000800000000)
  eden space 132096K, 100% used [0x00000007aaa80000,0x00000007b2b80000,0x00000007b2b80000)
  from space 10752K, 99% used [0x00000007b2b80000,0x00000007b35fdaa8,0x00000007b3600000)
  to   space 10752K, 0% used [0x00000007bb700000,0x00000007bb700000,0x00000007bc180000)
 ParOldGen       total 174592K, used 75155K [0x0000000700000000, 0x000000070aa80000, 0x00000007aaa80000)
  object space 174592K, 43% used [0x0000000700000000,0x0000000704964ed8,0x000000070aa80000)
 PSPermGen       total 21504K, used 2734K [0x00000006fae00000, 0x00000006fc300000, 0x0000000700000000)
  object space 21504K, 12% used [0x00000006fae00000,0x00000006fb0ab828,0x00000006fc300000)
Event: 0.685 GC heap after
Heap after GC invocations=4 (full 0):
 PSYoungGen      total 274944K, used 10742K [0x00000007aaa80000, 0x00000007bc180000, 0x0000000800000000)
  eden space 264192K, 0% used [0x00000007aaa80000,0x00000007aaa80000,0x00000007bac80000)
  from space 10752K, 99% used [0x00000007bb700000,0x00000007bc17daa8,0x00000007bc180000)
  to   space 10752K, 0% used [0x00000007bac80000,0x00000007bac80000,0x00000007bb700000)
 ParOldGen       total 174592K, used 86856K [0x0000000700000000, 0x000000070aa80000, 0x00000007aaa80000)
  object space 174592K, 49% used [0x0000000700000000,0x00000007054d2028,0x000000070aa80000)
 PSPermGen       total 21504K, used 2734K [0x00000006fae00000, 0x00000006fc300000, 0x0000000700000000)
  object space 21504K, 12% used [0x00000006fae00000,0x00000006fb0ab828,0x00000006fc300000)
}

Deoptimization events (7 events):
Event: 0.379 Thread 0x00007fdb93000800 Uncommon trap: reason=unloaded action=reinterpret pc=0x000000010dd91920 method=aurux.computeFP.computeFingerPrintFromWave(Lcom/musicg/wave/Wave;)[[I @ 230
Event: 0.433 Thread 0x00007fdb93000800 Uncommon trap: reason=unloaded action=reinterpret pc=0x000000010dd93ec0 method=com.musicg.wave.extension.Spectrogram.buildSpectrogram()V @ 142
Event: 0.474 Thread 0x00007fdb93000800 Uncommon trap: reason=unloaded action=reinterpret pc=0x000000010dd9311c method=com.musicg.wave.extension.Spectrogram.buildSpectrogram()V @ 266
Event: 0.773 Thread 0x00007fdb93000800 Uncommon trap: reason=unreached action=reinterpret pc=0x000000010dd95200 method=com.musicg.wave.extension.Spectrogram.buildSpectrogram()V @ 589
Event: 0.837 Thread 0x00007fdb93000800 Uncommon trap: reason=unreached action=reinterpret pc=0x000000010dd9b1f0 method=com.musicg.wave.extension.Spectrogram.buildSpectrogram()V @ 649
Event: 0.847 Thread 0x00007fdb93000800 Uncommon trap: reason=unreached action=reinterpret pc=0x000000010dd94bb0 method=com.musicg.wave.extension.Spectrogram.buildSpectrogram()V @ 716
Event: 0.987 Thread 0x00007fdb93000800 Uncommon trap: reason=unreached action=reinterpret pc=0x000000010dda07f4 method=aurux.computeFP.computeFingerPrintFromWave(Lcom/musicg/wave/Wave;)[[I @ 535

Internal exceptions (10 events):
Event: 0.084 Thread 0x00007fdb93000800 Threw 0x00000007aab2a118 at /HUDSON/workspace/jdk7u40-2-build-macosx-amd64-product/jdk7u40/hotspot/src/share/vm/prims/jvm.cpp:1244
Event: 0.084 Thread 0x00007fdb93000800 Threw 0x00000007aab2a240 at /HUDSON/workspace/jdk7u40-2-build-macosx-amd64-product/jdk7u40/hotspot/src/share/vm/prims/jvm.cpp:1244
Event: 0.084 Thread 0x00007fdb93000800 Threw 0x00000007aab2a490 at /HUDSON/workspace/jdk7u40-2-build-macosx-amd64-product/jdk7u40/hotspot/src/share/vm/prims/jvm.cpp:1244
Event: 0.089 Thread 0x00007fdb93000800 Threw 0x00000007aab3f1e0 at /HUDSON/workspace/jdk7u40-2-build-macosx-amd64-product/jdk7u40/hotspot/src/share/vm/prims/jvm.cpp:1244
Event: 0.091 Thread 0x00007fdb93000800 Threw 0x00000007aab49c78 at /HUDSON/workspace/jdk7u40-2-build-macosx-amd64-product/jdk7u40/hotspot/src/share/vm/prims/jvm.cpp:1244
Event: 0.105 Thread 0x00007fdb93000800 Threw 0x00000007aab51278 at /HUDSON/workspace/jdk7u40-2-build-macosx-amd64-product/jdk7u40/hotspot/src/share/vm/prims/jvm.cpp:1244
Event: 0.379 Thread 0x00007fdb93000800 Threw 0x00000007abfd8698 at /HUDSON/workspace/jdk7u40-2-build-macosx-amd64-product/jdk7u40/hotspot/src/share/vm/prims/jvm.cpp:1244
Event: 0.433 Thread 0x00007fdb93000800 Threw 0x00000007abfde360 at /HUDSON/workspace/jdk7u40-2-build-macosx-amd64-product/jdk7u40/hotspot/src/share/vm/prims/jvm.cpp:1244
Event: 0.474 Thread 0x00007fdb93000800 Threw 0x00000007b19d2d90 at /HUDSON/workspace/jdk7u40-2-build-macosx-amd64-product/jdk7u40/hotspot/src/share/vm/prims/jvm.cpp:1244
Event: 1.002 Thread 0x00007fdb93000800 Threw 0x00000007b7428e60 at /HUDSON/workspace/jdk7u40-2-build-macosx-amd64-product/jdk7u40/hotspot/src/share/vm/prims/jvm.cpp:1244

Events (10 events):
Event: 1.001 loading class 0x000000011aaad3d0
Event: 1.001 loading class 0x000000011aaad3d0 done
Event: 1.002 loading class 0x00007fdb92401ee0
Event: 1.002 loading class 0x00007fdb92401ee0 done
Event: 1.003 loading class 0x000000011aae1100
Event: 1.003 loading class 0x000000011aae1100 done
Event: 1.003 loading class 0x00007fdb92860670
Event: 1.003 loading class 0x00007fdb92860670 done
Event: 1.003 loading class 0x000000011aae1190
Event: 1.003 loading class 0x000000011aae1190 done


Dynamic libraries:
0x000000000de46000 	/System/Library/Frameworks/Cocoa.framework/Versions/A/Cocoa
0x000000000de46000 	/System/Library/Frameworks/Security.framework/Versions/A/Security
0x000000000de46000 	/System/Library/Frameworks/ApplicationServices.framework/Versions/A/ApplicationServices
0x000000000de46000 	/usr/lib/libz.1.dylib
0x000000000de46000 	/usr/lib/libSystem.B.dylib
0x000000000de46000 	/usr/lib/libobjc.A.dylib
0x000000000de46000 	/System/Library/Frameworks/CoreFoundation.framework/Versions/A/CoreFoundation
0x000000000de46000 	/System/Library/Frameworks/Foundation.framework/Versions/C/Foundation
0x000000000de46000 	/System/Library/Frameworks/AppKit.framework/Versions/C/AppKit
0x000000000de46000 	/System/Library/Frameworks/CoreData.framework/Versions/A/CoreData
0x000000000de46000 	/System/Library/PrivateFrameworks/RemoteViewServices.framework/Versions/A/RemoteViewServices
0x000000000de46000 	/System/Library/Frameworks/AudioToolbox.framework/Versions/A/AudioToolbox
0x000000000de46000 	/System/Library/Frameworks/AudioUnit.framework/Versions/A/AudioUnit
0x000000000de46000 	/System/Library/PrivateFrameworks/DataDetectorsCore.framework/Versions/A/DataDetectorsCore
0x000000000de46000 	/System/Library/PrivateFrameworks/DesktopServicesPriv.framework/Versions/A/DesktopServicesPriv
0x000000000de46000 	/System/Library/Frameworks/Carbon.framework/Versions/A/Frameworks/HIToolbox.framework/Versions/A/HIToolbox
0x000000000de46000 	/System/Library/Frameworks/QuartzCore.framework/Versions/A/QuartzCore
0x000000000de46000 	/System/Library/Frameworks/Carbon.framework/Versions/A/Frameworks/SpeechRecognition.framework/Versions/A/SpeechRecognition
0x000000000de46000 	/usr/lib/libauto.dylib
0x000000000de46000 	/usr/lib/libicucore.A.dylib
0x000000000de46000 	/usr/lib/libxml2.2.dylib
0x000000000de46000 	/System/Library/PrivateFrameworks/CoreUI.framework/Versions/A/CoreUI
0x000000000de46000 	/System/Library/Frameworks/CoreAudio.framework/Versions/A/CoreAudio
0x000000000de46000 	/System/Library/Frameworks/DiskArbitration.framework/Versions/A/DiskArbitration
0x000000000de46000 	/usr/lib/liblangid.dylib
0x000000000de46000 	/System/Library/PrivateFrameworks/MultitouchSupport.framework/Versions/A/MultitouchSupport
0x000000000de46000 	/System/Library/Frameworks/IOKit.framework/Versions/A/IOKit
0x000000000de46000 	/usr/lib/libDiagnosticMessagesClient.dylib
0x000000000de46000 	/System/Library/Frameworks/CoreServices.framework/Versions/A/CoreServices
0x000000000de46000 	/System/Library/PrivateFrameworks/PerformanceAnalysis.framework/Versions/A/PerformanceAnalysis
0x000000000de46000 	/System/Library/PrivateFrameworks/GenerationalStorage.framework/Versions/A/GenerationalStorage
0x000000000de46000 	/System/Library/Frameworks/OpenGL.framework/Versions/A/OpenGL
0x000000000de46000 	/System/Library/Frameworks/CoreText.framework/Versions/A/CoreText
0x000000000de46000 	/System/Library/Frameworks/ImageIO.framework/Versions/A/ImageIO
0x000000000de46000 	/System/Library/PrivateFrameworks/Backup.framework/Versions/A/Backup
0x000000000de46000 	/System/Library/Frameworks/CFNetwork.framework/Versions/A/CFNetwork
0x000000000de46000 	/System/Library/Frameworks/SystemConfiguration.framework/Versions/A/SystemConfiguration
0x000000000de46000 	/usr/lib/libCRFSuite.dylib
0x000000000de46000 	/System/Library/PrivateFrameworks/TCC.framework/Versions/A/TCC
0x000000000de46000 	/usr/lib/libc++.1.dylib
0x000000000de46000 	/usr/lib/libc++abi.dylib
0x000000000de46000 	/usr/lib/system/libcache.dylib
0x000000000de46000 	/usr/lib/system/libcommonCrypto.dylib
0x000000000de46000 	/usr/lib/system/libcompiler_rt.dylib
0x000000000de46000 	/usr/lib/system/libcopyfile.dylib
0x000000000de46000 	/usr/lib/system/libdispatch.dylib
0x000000000de46000 	/usr/lib/system/libdnsinfo.dylib
0x000000000de46000 	/usr/lib/system/libdyld.dylib
0x000000000de46000 	/usr/lib/system/libkeymgr.dylib
0x000000000de46000 	/usr/lib/system/liblaunch.dylib
0x000000000de46000 	/usr/lib/system/libmacho.dylib
0x000000000de46000 	/usr/lib/system/libquarantine.dylib
0x000000000de46000 	/usr/lib/system/libremovefile.dylib
0x000000000de46000 	/usr/lib/system/libsystem_blocks.dylib
0x000000000de46000 	/usr/lib/system/libsystem_c.dylib
0x000000000de46000 	/usr/lib/system/libsystem_dnssd.dylib
0x000000000de46000 	/usr/lib/system/libsystem_info.dylib
0x000000000de46000 	/usr/lib/system/libsystem_kernel.dylib
0x000000000de46000 	/usr/lib/system/libsystem_m.dylib
0x000000000de46000 	/usr/lib/system/libsystem_network.dylib
0x000000000de46000 	/usr/lib/system/libsystem_notify.dylib
0x000000000de46000 	/usr/lib/system/libsystem_sandbox.dylib
0x000000000de46000 	/usr/lib/system/libunc.dylib
0x000000000de46000 	/usr/lib/system/libunwind.dylib
0x000000000de46000 	/usr/lib/system/libxpc.dylib
0x000000000de46000 	/usr/lib/system/libcorecrypto.dylib
0x000000000de46000 	/usr/lib/libstdc++.6.dylib
0x000000000de46000 	/usr/lib/libbsm.0.dylib
0x000000000de46000 	/usr/lib/libsqlite3.dylib
0x000000000de46000 	/usr/lib/libxar.1.dylib
0x000000000de46000 	/usr/lib/libpam.2.dylib
0x000000000de46000 	/usr/lib/libOpenScriptingUtil.dylib
0x000000000de46000 	/usr/lib/libbz2.1.0.dylib
0x000000000de46000 	/System/Library/Frameworks/CoreServices.framework/Versions/A/Frameworks/CarbonCore.framework/Versions/A/CarbonCore
0x000000000de46000 	/System/Library/Frameworks/CoreServices.framework/Versions/A/Frameworks/Metadata.framework/Versions/A/Metadata
0x000000000de46000 	/System/Library/Frameworks/CoreServices.framework/Versions/A/Frameworks/OSServices.framework/Versions/A/OSServices
0x000000000de46000 	/System/Library/Frameworks/CoreServices.framework/Versions/A/Frameworks/SearchKit.framework/Versions/A/SearchKit
0x000000000de46000 	/System/Library/Frameworks/CoreServices.framework/Versions/A/Frameworks/AE.framework/Versions/A/AE
0x000000000de46000 	/System/Library/Frameworks/CoreServices.framework/Versions/A/Frameworks/LaunchServices.framework/Versions/A/LaunchServices
0x000000000de46000 	/System/Library/Frameworks/CoreServices.framework/Versions/A/Frameworks/DictionaryServices.framework/Versions/A/DictionaryServices
0x000000000de46000 	/System/Library/Frameworks/NetFS.framework/Versions/A/NetFS
0x000000000de46000 	/usr/lib/system/libkxld.dylib
0x000000000de46000 	/System/Library/PrivateFrameworks/NetAuth.framework/Versions/A/NetAuth
0x000000000de46000 	/System/Library/Frameworks/OpenDirectory.framework/Versions/A/Frameworks/CFOpenDirectory.framework/Versions/A/CFOpenDirectory
0x000000000de46000 	/usr/lib/libxslt.1.dylib
0x000000000de46000 	/System/Library/PrivateFrameworks/FamilyControls.framework/Versions/A/FamilyControls
0x000000000de46000 	/System/Library/Frameworks/Carbon.framework/Versions/A/Frameworks/Ink.framework/Versions/A/Ink
0x000000000de46000 	/System/Library/Frameworks/ApplicationServices.framework/Versions/A/Frameworks/CoreGraphics.framework/Versions/A/CoreGraphics
0x000000000de46000 	/System/Library/Frameworks/ApplicationServices.framework/Versions/A/Frameworks/ATS.framework/Versions/A/ATS
0x000000000de46000 	/System/Library/Frameworks/ApplicationServices.framework/Versions/A/Frameworks/ColorSync.framework/Versions/A/ColorSync
0x000000000de46000 	/System/Library/Frameworks/ApplicationServices.framework/Versions/A/Frameworks/HIServices.framework/Versions/A/HIServices
0x000000000de46000 	/System/Library/Frameworks/ApplicationServices.framework/Versions/A/Frameworks/LangAnalysis.framework/Versions/A/LangAnalysis
0x000000000de46000 	/System/Library/Frameworks/ApplicationServices.framework/Versions/A/Frameworks/PrintCore.framework/Versions/A/PrintCore
0x000000000de46000 	/System/Library/Frameworks/ApplicationServices.framework/Versions/A/Frameworks/QD.framework/Versions/A/QD
0x000000000de46000 	/System/Library/Frameworks/ApplicationServices.framework/Versions/A/Frameworks/SpeechSynthesis.framework/Versions/A/SpeechSynthesis
0x000000000de46000 	/System/Library/Frameworks/IOSurface.framework/Versions/A/IOSurface
0x000000000de46000 	/System/Library/Frameworks/Accelerate.framework/Versions/A/Accelerate
0x000000000de46000 	/System/Library/Frameworks/ApplicationServices.framework/Versions/A/Frameworks/ATS.framework/Versions/A/Resources/libFontParser.dylib
0x000000000de46000 	/System/Library/Frameworks/ApplicationServices.framework/Versions/A/Frameworks/ATS.framework/Versions/A/Resources/libFontRegistry.dylib
0x000000000de46000 	/System/Library/Frameworks/Accelerate.framework/Versions/A/Frameworks/vImage.framework/Versions/A/vImage
0x000000000de46000 	/System/Library/Frameworks/Accelerate.framework/Versions/A/Frameworks/vecLib.framework/Versions/A/vecLib
0x000000000de46000 	/System/Library/Frameworks/Accelerate.framework/Versions/A/Frameworks/vecLib.framework/Versions/A/libvDSP.dylib
0x000000000de46000 	/System/Library/Frameworks/Accelerate.framework/Versions/A/Frameworks/vecLib.framework/Versions/A/libvMisc.dylib
0x000000000de46000 	/System/Library/Frameworks/Accelerate.framework/Versions/A/Frameworks/vecLib.framework/Versions/A/libLAPACK.dylib
0x000000000de46000 	/System/Library/Frameworks/Accelerate.framework/Versions/A/Frameworks/vecLib.framework/Versions/A/libBLAS.dylib
0x000000000de46000 	/System/Library/Frameworks/ImageIO.framework/Versions/A/Resources/libJPEG.dylib
0x000000000de46000 	/System/Library/Frameworks/ImageIO.framework/Versions/A/Resources/libTIFF.dylib
0x000000000de46000 	/System/Library/Frameworks/ImageIO.framework/Versions/A/Resources/libPng.dylib
0x000000000de46000 	/System/Library/Frameworks/ImageIO.framework/Versions/A/Resources/libGIF.dylib
0x000000000de46000 	/System/Library/Frameworks/ImageIO.framework/Versions/A/Resources/libJP2.dylib
0x000000000de46000 	/System/Library/Frameworks/ImageIO.framework/Versions/A/Resources/libRadiance.dylib
0x000000000de46000 	/usr/lib/libcups.2.dylib
0x000000000de46000 	/System/Library/Frameworks/Kerberos.framework/Versions/A/Kerberos
0x000000000de46000 	/System/Library/Frameworks/GSS.framework/Versions/A/GSS
0x000000000de46000 	/usr/lib/libresolv.9.dylib
0x000000000de46000 	/usr/lib/libiconv.2.dylib
0x000000000de46000 	/System/Library/PrivateFrameworks/Heimdal.framework/Versions/A/Heimdal
0x000000000de46000 	/System/Library/PrivateFrameworks/TrustEvaluationAgent.framework/Versions/A/TrustEvaluationAgent
0x000000000de46000 	/System/Library/Frameworks/OpenDirectory.framework/Versions/A/OpenDirectory
0x000000000de46000 	/System/Library/PrivateFrameworks/CommonAuth.framework/Versions/A/CommonAuth
0x000000000de46000 	/System/Library/PrivateFrameworks/Bom.framework/Versions/A/Bom
0x000000000de46000 	/System/Library/Frameworks/CoreVideo.framework/Versions/A/CoreVideo
0x000000000de46000 	/System/Library/Frameworks/QuartzCore.framework/Versions/A/Frameworks/CoreImage.framework/Versions/A/CoreImage
0x000000000de46000 	/System/Library/Frameworks/QuartzCore.framework/Versions/A/Frameworks/ScalableUserInterface.framework/Versions/A/ScalableUserInterface
0x000000000de46000 	/System/Library/Frameworks/OpenGL.framework/Versions/A/Libraries/libGLU.dylib
0x000000000de46000 	/System/Library/Frameworks/OpenGL.framework/Versions/A/Libraries/libGFXShared.dylib
0x000000000de46000 	/System/Library/Frameworks/OpenGL.framework/Versions/A/Libraries/libGL.dylib
0x000000000de46000 	/System/Library/Frameworks/OpenGL.framework/Versions/A/Libraries/libGLImage.dylib
0x000000000de46000 	/System/Library/Frameworks/OpenGL.framework/Versions/A/Libraries/libCVMSPluginSupport.dylib
0x000000000de46000 	/System/Library/Frameworks/OpenGL.framework/Versions/A/Libraries/libCoreVMClient.dylib
0x000000000de46000 	/System/Library/PrivateFrameworks/CrashReporterSupport.framework/Versions/A/CrashReporterSupport
0x000000000de46000 	/System/Library/Frameworks/OpenCL.framework/Versions/A/OpenCL
0x000000000de46000 	/System/Library/PrivateFrameworks/FaceCoreLight.framework/Versions/A/FaceCoreLight
0x000000000de46000 	/System/Library/PrivateFrameworks/AppleFSCompression.framework/Versions/A/AppleFSCompression
0x000000000de46000 	/System/Library/PrivateFrameworks/Ubiquity.framework/Versions/A/Ubiquity
0x000000000de46000 	/System/Library/Frameworks/ServiceManagement.framework/Versions/A/ServiceManagement
0x000000000de46000 	/System/Library/PrivateFrameworks/ChunkingLibrary.framework/Versions/A/ChunkingLibrary
0x000000000de46000 	/System/Library/Frameworks/vecLib.framework/Versions/A/vecLib
0x000000000de46000 	/System/Library/Frameworks/SecurityFoundation.framework/Versions/A/SecurityFoundation
0x000000000de46000 	/System/Library/PrivateFrameworks/CommerceKit.framework/Versions/A/Frameworks/CommerceCore.framework/Versions/A/CommerceCore
0x000000000de46000 	/System/Library/PrivateFrameworks/CoreSymbolication.framework/Versions/A/CoreSymbolication
0x000000000de46000 	/System/Library/PrivateFrameworks/Symbolication.framework/Versions/A/Symbolication
0x000000000de46000 	/System/Library/PrivateFrameworks/DebugSymbols.framework/Versions/A/DebugSymbols
0x000000010d105000 	/Library/Java/JavaVirtualMachines/jdk1.7.0_40.jdk/Contents/Home/jre/lib/server/libjvm.dylib
0x000000010dc5a000 	/Library/Java/JavaVirtualMachines/jdk1.7.0_40.jdk/Contents/Home/jre/lib/libverify.dylib
0x000000010dc67000 	/Library/Java/JavaVirtualMachines/jdk1.7.0_40.jdk/Contents/Home/jre/lib/libjava.dylib
0x000000010dd24000 	/Library/Java/JavaVirtualMachines/jdk1.7.0_40.jdk/Contents/Home/jre/lib/libzip.dylib
0x000000011c044000 	/System/Library/Frameworks/JavaVM.framework/Frameworks/JavaRuntimeSupport.framework/JavaRuntimeSupport
0x000000011c05c000 	/System/Library/Frameworks/JavaVM.framework/Versions/A/Frameworks/JavaNativeFoundation.framework/Versions/A/JavaNativeFoundation
0x000000011c071000 	/System/Library/Frameworks/JavaVM.framework/Versions/A/JavaVM
0x000000000de46000 	/System/Library/Frameworks/Carbon.framework/Versions/A/Carbon
0x000000011c07e000 	/System/Library/PrivateFrameworks/JavaLaunching.framework/Versions/A/JavaLaunching
0x000000000de46000 	/System/Library/Frameworks/Carbon.framework/Versions/A/Frameworks/CommonPanels.framework/Versions/A/CommonPanels
0x000000000de46000 	/System/Library/Frameworks/Carbon.framework/Versions/A/Frameworks/Help.framework/Versions/A/Help
0x000000000de46000 	/System/Library/Frameworks/Carbon.framework/Versions/A/Frameworks/ImageCapture.framework/Versions/A/ImageCapture
0x000000000de46000 	/System/Library/Frameworks/Carbon.framework/Versions/A/Frameworks/OpenScripting.framework/Versions/A/OpenScripting
0x000000000de46000 	/System/Library/Frameworks/Carbon.framework/Versions/A/Frameworks/Print.framework/Versions/A/Print
0x000000000de46000 	/System/Library/Frameworks/Carbon.framework/Versions/A/Frameworks/SecurityHI.framework/Versions/A/SecurityHI

VM Arguments:
java_command: ../computeFPJava/computeFP.jar ./uploads/qMobile_2014-01-27-23:52:01.wav ../buildQueryForExpt/qMobile_2014-01-27-23:52:01.mat1 1002 2
Launcher Type: SUN_STANDARD

Environment Variables:
PATH=/opt/local/bin:/opt/local/sbin:/usr/bin:/bin:/usr/sbin:/sbin:/usr/local/bin:/opt/X11/bin
SHELL=/bin/bash
DISPLAY=/tmp/launch-7Qixun/org.macosforge.xquartz:0

Signal Handlers:
SIGSEGV: [libjvm.dylib+0x524b25], sa_mask[0]=0xfffefeff, sa_flags=0x00000043
SIGBUS: [libjvm.dylib+0x524b25], sa_mask[0]=0xfffefeff, sa_flags=0x00000042
SIGFPE: [libjvm.dylib+0x4180e6], sa_mask[0]=0xfffefeff, sa_flags=0x00000042
SIGPIPE: [libjvm.dylib+0x4180e6], sa_mask[0]=0xfffefeff, sa_flags=0x00000042
SIGXFSZ: [libjvm.dylib+0x4180e6], sa_mask[0]=0xfffefeff, sa_flags=0x00000042
SIGILL: [libjvm.dylib+0x4180e6], sa_mask[0]=0xfffefeff, sa_flags=0x00000042
SIGUSR1: SIG_DFL, sa_mask[0]=0x63807efb, sa_flags=0x00000000
SIGUSR2: [libjvm.dylib+0x417bd8], sa_mask[0]=0x00000000, sa_flags=0x00000042
SIGHUP: [libjvm.dylib+0x415e67], sa_mask[0]=0xfffefeff, sa_flags=0x00000042
SIGINT: [libjvm.dylib+0x415e67], sa_mask[0]=0xfffefeff, sa_flags=0x00000042
SIGTERM: [libjvm.dylib+0x415e67], sa_mask[0]=0xfffefeff, sa_flags=0x00000042
SIGQUIT: [libjvm.dylib+0x415e67], sa_mask[0]=0xfffefeff, sa_flags=0x00000042


---------------  S Y S T E M  ---------------

OS:Bsduname:Darwin 12.5.0 Darwin Kernel Version 12.5.0: Sun Sep 29 13:33:47 PDT 2013; root:xnu-2050.48.12~1/RELEASE_X86_64 x86_64
rlimit: STACK 8192k, CORE 0k, NPROC 709, NOFILE 10240, AS infinity
load average:1.29 1.10 1.16

CPU:total 4 (2 cores per cpu, 2 threads per core) family 6 model 58 stepping 9, cmov, cx8, fxsr, mmx, sse, sse2, sse3, ssse3, sse4.1, sse4.2, popcnt, avx, aes, erms, ht, tsc, tscinvbit, tscinv

Memory: 4k page, physical 16777216k(4194304k free)

/proc/meminfo:


vm_info: Java HotSpot(TM) 64-Bit Server VM (24.0-b56) for bsd-amd64 JRE (1.7.0_40-b43), built on Aug 26 2013 21:29:19 by "java_re" with gcc 4.2.1 (Based on Apple Inc. build 5658) (LLVM build 2336.11.00)

time: Tue Jan 28 17:04:13 2014
elapsed time: 1 seconds

